2016-04-09 17:23:20,033 [Worker-4] INFO  o.e.m.c.i.l.LifecycleMappingFactory - Using org.eclipse.m2e.jdt.JarLifecycleMapping lifecycle mapping for MavenProject: HW4:HW4:0.0.1-SNAPSHOT @ /Users/kaichenzhang/Documents/CS6200/HW4/pom.xml.
2016-04-09 17:23:21,430 [Worker-4] WARN  o.e.m.c.i.embedder.EclipseLogger - Using platform encoding (UTF-8 actually) to copy filtered resources, i.e. build is platform dependent!
2016-04-09 17:23:21,433 [Worker-4] INFO  o.e.m.c.i.embedder.EclipseLogger - skip non existing resourceDirectory /Users/kaichenzhang/Documents/CS6200/HW4/src/main/resources
2016-04-09 17:23:21,438 [Worker-4] WARN  o.e.m.c.i.embedder.EclipseLogger - Using platform encoding (UTF-8 actually) to copy filtered resources, i.e. build is platform dependent!
2016-04-09 17:23:21,439 [Worker-4] INFO  o.e.m.c.i.embedder.EclipseLogger - skip non existing resourceDirectory /Users/kaichenzhang/Documents/CS6200/HW4/src/test/resources
2016-04-09 17:23:21,954 [Worker-4] INFO  o.e.m.c.i.l.LifecycleMappingFactory - Using org.eclipse.m2e.jdt.JarLifecycleMapping lifecycle mapping for MavenProject: IR:IR:0.0.1-SNAPSHOT @ /Users/kaichenzhang/Documents/CS6200/IR/pom.xml.
2016-04-09 17:23:22,368 [Worker-4] WARN  o.e.m.c.i.embedder.EclipseLogger - Using platform encoding (UTF-8 actually) to copy filtered resources, i.e. build is platform dependent!
2016-04-09 17:23:22,369 [Worker-4] INFO  o.e.m.c.i.embedder.EclipseLogger - skip non existing resourceDirectory /Users/kaichenzhang/Documents/CS6200/IR/src/main/resources
2016-04-09 17:23:22,370 [Worker-4] WARN  o.e.m.c.i.embedder.EclipseLogger - Using platform encoding (UTF-8 actually) to copy filtered resources, i.e. build is platform dependent!
2016-04-09 17:23:22,371 [Worker-4] INFO  o.e.m.c.i.embedder.EclipseLogger - skip non existing resourceDirectory /Users/kaichenzhang/Documents/CS6200/IR/src/test/resources
2016-04-09 17:23:22,978 [Worker-0] INFO  o.e.m.c.i.l.LifecycleMappingFactory - Using org.eclipse.m2e.jdt.JarLifecycleMapping lifecycle mapping for MavenProject: HW4:HW4:0.0.1-SNAPSHOT @ /Users/kaichenzhang/Documents/CS6200/HW4/pom.xml.
2016-04-09 17:23:23,282 [Worker-0] INFO  o.e.m.c.i.l.LifecycleMappingFactory - Using org.eclipse.m2e.jdt.JarLifecycleMapping lifecycle mapping for MavenProject: IR:IR:0.0.1-SNAPSHOT @ /Users/kaichenzhang/Documents/CS6200/IR/pom.xml.
2016-04-09 17:23:23,368 [Worker-0] INFO  o.e.m.c.i.l.LifecycleMappingFactory - Using org.eclipse.m2e.jdt.JarLifecycleMapping lifecycle mapping for MavenProject: IR:IR:0.0.1-SNAPSHOT @ /Users/kaichenzhang/Documents/CS6200/IR/pom.xml.
2016-04-09 17:23:23,479 [Worker-0] INFO  o.e.m.c.i.l.LifecycleMappingFactory - Using org.eclipse.m2e.jdt.JarLifecycleMapping lifecycle mapping for MavenProject: HW4:HW4:0.0.1-SNAPSHOT @ /Users/kaichenzhang/Documents/CS6200/HW4/pom.xml.
2016-04-09 17:23:24,212 [Worker-4] WARN  o.e.m.c.i.embedder.EclipseLogger - Using platform encoding (UTF-8 actually) to copy filtered resources, i.e. build is platform dependent!
2016-04-09 17:23:24,213 [Worker-4] INFO  o.e.m.c.i.embedder.EclipseLogger - skip non existing resourceDirectory /Users/kaichenzhang/Documents/CS6200/HW4/src/main/resources
2016-04-09 17:23:24,216 [Worker-4] WARN  o.e.m.c.i.embedder.EclipseLogger - Using platform encoding (UTF-8 actually) to copy filtered resources, i.e. build is platform dependent!
2016-04-09 17:23:24,217 [Worker-4] INFO  o.e.m.c.i.embedder.EclipseLogger - skip non existing resourceDirectory /Users/kaichenzhang/Documents/CS6200/HW4/src/test/resources
2016-04-09 17:23:25,287 [Worker-4] WARN  o.e.m.c.i.embedder.EclipseLogger - Using platform encoding (UTF-8 actually) to copy filtered resources, i.e. build is platform dependent!
2016-04-09 17:23:25,290 [Worker-4] INFO  o.e.m.c.i.embedder.EclipseLogger - skip non existing resourceDirectory /Users/kaichenzhang/Documents/CS6200/IR/src/main/resources
2016-04-09 17:23:25,304 [Worker-4] WARN  o.e.m.c.i.embedder.EclipseLogger - Using platform encoding (UTF-8 actually) to copy filtered resources, i.e. build is platform dependent!
2016-04-09 17:23:25,309 [Worker-4] INFO  o.e.m.c.i.embedder.EclipseLogger - skip non existing resourceDirectory /Users/kaichenzhang/Documents/CS6200/IR/src/test/resources
2016-04-09 17:24:12,353 [Worker-1] INFO  o.e.m.c.i.l.LifecycleMappingFactory - Using org.eclipse.m2e.jdt.JarLifecycleMapping lifecycle mapping for MavenProject: IR:IR:0.0.1-SNAPSHOT @ /Users/kaichenzhang/Documents/CS6200/HW1/pom.xml.
2016-04-09 17:24:12,539 [Worker-1] WARN  o.e.m.c.i.embedder.EclipseLogger - Using platform encoding (UTF-8 actually) to copy filtered resources, i.e. build is platform dependent!
2016-04-09 17:24:12,541 [Worker-1] INFO  o.e.m.c.i.embedder.EclipseLogger - skip non existing resourceDirectory /Users/kaichenzhang/Documents/CS6200/HW1/src/main/resources
2016-04-09 17:24:12,543 [Worker-1] WARN  o.e.m.c.i.embedder.EclipseLogger - Using platform encoding (UTF-8 actually) to copy filtered resources, i.e. build is platform dependent!
2016-04-09 17:24:12,544 [Worker-1] INFO  o.e.m.c.i.embedder.EclipseLogger - skip non existing resourceDirectory /Users/kaichenzhang/Documents/CS6200/HW1/src/test/resources
2016-04-09 17:24:12,766 [Worker-0] INFO  o.e.m.c.i.l.LifecycleMappingFactory - Using org.eclipse.m2e.jdt.JarLifecycleMapping lifecycle mapping for MavenProject: IR:IR:0.0.1-SNAPSHOT @ /Users/kaichenzhang/Documents/CS6200/HW1/pom.xml.
2016-04-09 17:24:13,990 [Worker-6] WARN  o.e.m.c.i.embedder.EclipseLogger - Using platform encoding (UTF-8 actually) to copy filtered resources, i.e. build is platform dependent!
2016-04-09 17:24:13,991 [Worker-6] INFO  o.e.m.c.i.embedder.EclipseLogger - skip non existing resourceDirectory /Users/kaichenzhang/Documents/CS6200/HW1/src/main/resources
2016-04-09 17:24:13,992 [Worker-6] WARN  o.e.m.c.i.embedder.EclipseLogger - Using platform encoding (UTF-8 actually) to copy filtered resources, i.e. build is platform dependent!
2016-04-09 17:24:13,993 [Worker-6] INFO  o.e.m.c.i.embedder.EclipseLogger - skip non existing resourceDirectory /Users/kaichenzhang/Documents/CS6200/HW1/src/test/resources
2016-04-09 17:30:31,521 [Worker-8] WARN  o.e.m.c.i.embedder.EclipseLogger - Using platform encoding (UTF-8 actually) to copy filtered resources, i.e. build is platform dependent!
2016-04-09 17:30:31,523 [Worker-8] INFO  o.e.m.c.i.embedder.EclipseLogger - skip non existing resourceDirectory /Users/kaichenzhang/Documents/CS6200/HW4/src/main/resources
2016-04-09 17:30:31,524 [Worker-8] WARN  o.e.m.c.i.embedder.EclipseLogger - Using platform encoding (UTF-8 actually) to copy filtered resources, i.e. build is platform dependent!
2016-04-09 17:30:31,525 [Worker-8] INFO  o.e.m.c.i.embedder.EclipseLogger - skip non existing resourceDirectory /Users/kaichenzhang/Documents/CS6200/HW4/src/test/resources
2016-04-09 17:31:57,344 [Worker-0] WARN  o.e.m.c.i.embedder.EclipseLogger - Using platform encoding (UTF-8 actually) to copy filtered resources, i.e. build is platform dependent!
2016-04-09 17:31:57,344 [Worker-0] INFO  o.e.m.c.i.embedder.EclipseLogger - skip non existing resourceDirectory /Users/kaichenzhang/Documents/CS6200/HW1/src/main/resources
2016-04-09 17:31:57,348 [Worker-0] WARN  o.e.m.c.i.embedder.EclipseLogger - Using platform encoding (UTF-8 actually) to copy filtered resources, i.e. build is platform dependent!
2016-04-09 17:31:57,348 [Worker-0] INFO  o.e.m.c.i.embedder.EclipseLogger - skip non existing resourceDirectory /Users/kaichenzhang/Documents/CS6200/HW1/src/test/resources
2016-04-09 17:52:22,118 [Worker-4] INFO  o.e.m.c.i.l.LifecycleMappingFactory - Using org.eclipse.m2e.jdt.JarLifecycleMapping lifecycle mapping for MavenProject: HW3:HW3:0.0.1-SNAPSHOT @ /Users/kaichenzhang/Documents/CS6200/HW3/pom.xml.
2016-04-09 17:52:22,480 [Worker-4] WARN  o.e.m.c.i.embedder.EclipseLogger - The artifact org.apache.commons:commons-io:jar:1.3.2 has been relocated to commons-io:commons-io:jar:1.3.2
2016-04-09 17:52:22,832 [Worker-4] WARN  o.e.m.c.i.embedder.EclipseLogger - Using platform encoding (UTF-8 actually) to copy filtered resources, i.e. build is platform dependent!
2016-04-09 17:52:22,833 [Worker-4] INFO  o.e.m.c.i.embedder.EclipseLogger - skip non existing resourceDirectory /Users/kaichenzhang/Documents/CS6200/HW3/src/main/resources
2016-04-09 17:52:22,835 [Worker-4] WARN  o.e.m.c.i.embedder.EclipseLogger - Using platform encoding (UTF-8 actually) to copy filtered resources, i.e. build is platform dependent!
2016-04-09 17:52:22,836 [Worker-4] INFO  o.e.m.c.i.embedder.EclipseLogger - skip non existing resourceDirectory /Users/kaichenzhang/Documents/CS6200/HW3/src/test/resources
2016-04-09 17:52:23,246 [Worker-3] INFO  o.e.m.c.i.l.LifecycleMappingFactory - Using org.eclipse.m2e.jdt.JarLifecycleMapping lifecycle mapping for MavenProject: HW3:HW3:0.0.1-SNAPSHOT @ /Users/kaichenzhang/Documents/CS6200/HW3/pom.xml.
2016-04-09 17:52:23,491 [Worker-3] WARN  o.e.m.c.i.embedder.EclipseLogger - The artifact org.apache.commons:commons-io:jar:1.3.2 has been relocated to commons-io:commons-io:jar:1.3.2
2016-04-09 17:52:24,295 [Worker-7] WARN  o.e.m.c.i.embedder.EclipseLogger - The artifact org.apache.commons:commons-io:jar:1.3.2 has been relocated to commons-io:commons-io:jar:1.3.2
2016-04-09 17:52:24,313 [Worker-7] WARN  o.e.m.c.i.embedder.EclipseLogger - Using platform encoding (UTF-8 actually) to copy filtered resources, i.e. build is platform dependent!
2016-04-09 17:52:24,314 [Worker-7] INFO  o.e.m.c.i.embedder.EclipseLogger - skip non existing resourceDirectory /Users/kaichenzhang/Documents/CS6200/HW3/src/main/resources
2016-04-09 17:52:24,315 [Worker-7] WARN  o.e.m.c.i.embedder.EclipseLogger - Using platform encoding (UTF-8 actually) to copy filtered resources, i.e. build is platform dependent!
2016-04-09 17:52:24,316 [Worker-7] INFO  o.e.m.c.i.embedder.EclipseLogger - skip non existing resourceDirectory /Users/kaichenzhang/Documents/CS6200/HW3/src/test/resources
2016-04-09 17:53:59,460 [Worker-3] INFO  o.e.m.c.i.l.LifecycleMappingFactory - Using org.eclipse.m2e.jdt.JarLifecycleMapping lifecycle mapping for MavenProject: HW2:HW2:0.0.1-SNAPSHOT @ /Users/kaichenzhang/Documents/CS6200/HW2/pom.xml.
2016-04-09 17:53:59,611 [Worker-3] INFO  o.e.m.c.i.l.LifecycleMappingFactory - Using org.eclipse.m2e.jdt.JarLifecycleMapping lifecycle mapping for MavenProject: HW2:HW2:0.0.1-SNAPSHOT @ /Users/kaichenzhang/Documents/CS6200/HW2_2/pom.xml.
2016-04-09 17:54:00,395 [Worker-3] WARN  o.e.m.c.i.embedder.EclipseLogger - Using platform encoding (UTF-8 actually) to copy filtered resources, i.e. build is platform dependent!
2016-04-09 17:54:00,396 [Worker-3] INFO  o.e.m.c.i.embedder.EclipseLogger - skip non existing resourceDirectory /Users/kaichenzhang/Documents/CS6200/HW2/src/main/resources
2016-04-09 17:54:00,398 [Worker-3] WARN  o.e.m.c.i.embedder.EclipseLogger - Using platform encoding (UTF-8 actually) to copy filtered resources, i.e. build is platform dependent!
2016-04-09 17:54:00,398 [Worker-3] INFO  o.e.m.c.i.embedder.EclipseLogger - skip non existing resourceDirectory /Users/kaichenzhang/Documents/CS6200/HW2/src/test/resources
2016-04-09 17:54:00,530 [Worker-3] WARN  o.e.m.c.i.embedder.EclipseLogger - Using platform encoding (UTF-8 actually) to copy filtered resources, i.e. build is platform dependent!
2016-04-09 17:54:00,531 [Worker-3] INFO  o.e.m.c.i.embedder.EclipseLogger - skip non existing resourceDirectory /Users/kaichenzhang/Documents/CS6200/HW2_2/src/main/resources
2016-04-09 17:54:00,532 [Worker-3] WARN  o.e.m.c.i.embedder.EclipseLogger - Using platform encoding (UTF-8 actually) to copy filtered resources, i.e. build is platform dependent!
2016-04-09 17:54:00,533 [Worker-3] INFO  o.e.m.c.i.embedder.EclipseLogger - skip non existing resourceDirectory /Users/kaichenzhang/Documents/CS6200/HW2_2/src/test/resources
2016-04-09 17:56:24,266 [Worker-2] INFO  o.e.m.c.i.l.LifecycleMappingFactory - Using org.eclipse.m2e.jdt.JarLifecycleMapping lifecycle mapping for MavenProject: HW2:HW2:0.0.1-SNAPSHOT @ /Users/kaichenzhang/Documents/CS6200/HW2_2/pom.xml.
2016-04-09 17:56:24,413 [Worker-2] WARN  o.e.m.c.i.embedder.EclipseLogger - Using platform encoding (UTF-8 actually) to copy filtered resources, i.e. build is platform dependent!
2016-04-09 17:56:24,413 [Worker-2] INFO  o.e.m.c.i.embedder.EclipseLogger - skip non existing resourceDirectory /Users/kaichenzhang/Documents/CS6200/HW2_2/src/main/resources
2016-04-09 17:56:24,414 [Worker-2] WARN  o.e.m.c.i.embedder.EclipseLogger - Using platform encoding (UTF-8 actually) to copy filtered resources, i.e. build is platform dependent!
2016-04-09 17:56:24,415 [Worker-2] INFO  o.e.m.c.i.embedder.EclipseLogger - skip non existing resourceDirectory /Users/kaichenzhang/Documents/CS6200/HW2_2/src/test/resources
2016-04-09 17:59:14,243 [Worker-9] WARN  o.e.m.c.i.embedder.EclipseLogger - Using platform encoding (UTF-8 actually) to copy filtered resources, i.e. build is platform dependent!
2016-04-09 17:59:14,244 [Worker-9] INFO  o.e.m.c.i.embedder.EclipseLogger - skip non existing resourceDirectory /Users/kaichenzhang/Documents/CS6200/HW2/src/main/resources
2016-04-09 17:59:14,246 [Worker-9] WARN  o.e.m.c.i.embedder.EclipseLogger - Using platform encoding (UTF-8 actually) to copy filtered resources, i.e. build is platform dependent!
2016-04-09 17:59:14,247 [Worker-9] INFO  o.e.m.c.i.embedder.EclipseLogger - skip non existing resourceDirectory /Users/kaichenzhang/Documents/CS6200/HW2/src/test/resources
2016-04-09 18:00:01,592 [Worker-2] WARN  o.e.m.c.i.embedder.EclipseLogger - Using platform encoding (UTF-8 actually) to copy filtered resources, i.e. build is platform dependent!
2016-04-09 18:00:01,593 [Worker-2] INFO  o.e.m.c.i.embedder.EclipseLogger - skip non existing resourceDirectory /Users/kaichenzhang/Documents/CS6200/HW2_2/src/main/resources
2016-04-09 18:00:01,595 [Worker-2] WARN  o.e.m.c.i.embedder.EclipseLogger - Using platform encoding (UTF-8 actually) to copy filtered resources, i.e. build is platform dependent!
2016-04-09 18:00:01,596 [Worker-2] INFO  o.e.m.c.i.embedder.EclipseLogger - skip non existing resourceDirectory /Users/kaichenzhang/Documents/CS6200/HW2_2/src/test/resources
2016-04-09 18:01:43,771 [Worker-8] WARN  o.e.m.c.i.embedder.EclipseLogger - Using platform encoding (UTF-8 actually) to copy filtered resources, i.e. build is platform dependent!
2016-04-09 18:01:43,772 [Worker-8] INFO  o.e.m.c.i.embedder.EclipseLogger - skip non existing resourceDirectory /Users/kaichenzhang/Documents/CS6200/HW1/src/main/resources
2016-04-09 18:01:43,775 [Worker-8] WARN  o.e.m.c.i.embedder.EclipseLogger - Using platform encoding (UTF-8 actually) to copy filtered resources, i.e. build is platform dependent!
2016-04-09 18:01:43,776 [Worker-8] INFO  o.e.m.c.i.embedder.EclipseLogger - skip non existing resourceDirectory /Users/kaichenzhang/Documents/CS6200/HW1/src/test/resources
2016-04-09 18:02:03,505 [Worker-7] WARN  o.e.m.c.i.embedder.EclipseLogger - Using platform encoding (UTF-8 actually) to copy filtered resources, i.e. build is platform dependent!
2016-04-09 18:02:03,506 [Worker-7] INFO  o.e.m.c.i.embedder.EclipseLogger - skip non existing resourceDirectory /Users/kaichenzhang/Documents/CS6200/HW2/src/main/resources
2016-04-09 18:02:03,507 [Worker-7] WARN  o.e.m.c.i.embedder.EclipseLogger - Using platform encoding (UTF-8 actually) to copy filtered resources, i.e. build is platform dependent!
2016-04-09 18:02:03,507 [Worker-7] INFO  o.e.m.c.i.embedder.EclipseLogger - skip non existing resourceDirectory /Users/kaichenzhang/Documents/CS6200/HW2/src/test/resources
2016-04-09 18:04:25,770 [Worker-8] INFO  o.e.m.c.i.l.LifecycleMappingFactory - Using org.eclipse.m2e.jdt.JarLifecycleMapping lifecycle mapping for MavenProject: HW2:HW2:0.0.1-SNAPSHOT @ /Users/kaichenzhang/Documents/CS6200/HW2_2/pom.xml.
2016-04-09 18:04:25,896 [Worker-8] WARN  o.e.m.c.i.embedder.EclipseLogger - Using platform encoding (UTF-8 actually) to copy filtered resources, i.e. build is platform dependent!
2016-04-09 18:04:25,898 [Worker-8] INFO  o.e.m.c.i.embedder.EclipseLogger - skip non existing resourceDirectory /Users/kaichenzhang/Documents/CS6200/HW2_2/src/main/resources
2016-04-09 18:04:25,899 [Worker-8] WARN  o.e.m.c.i.embedder.EclipseLogger - Using platform encoding (UTF-8 actually) to copy filtered resources, i.e. build is platform dependent!
2016-04-09 18:04:25,899 [Worker-8] INFO  o.e.m.c.i.embedder.EclipseLogger - skip non existing resourceDirectory /Users/kaichenzhang/Documents/CS6200/HW2_2/src/test/resources
2016-04-09 18:06:47,857 [Worker-9] INFO  o.e.m.c.i.l.LifecycleMappingFactory - Using org.eclipse.m2e.jdt.JarLifecycleMapping lifecycle mapping for MavenProject: HW2:HW2:0.0.1-SNAPSHOT @ /Users/kaichenzhang/Documents/CS6200/HW2_2/pom.xml.
2016-04-09 18:06:47,983 [Worker-9] WARN  o.e.m.c.i.embedder.EclipseLogger - Using platform encoding (UTF-8 actually) to copy filtered resources, i.e. build is platform dependent!
2016-04-09 18:06:47,983 [Worker-9] INFO  o.e.m.c.i.embedder.EclipseLogger - skip non existing resourceDirectory /Users/kaichenzhang/Documents/CS6200/HW2_2/src/main/resources
2016-04-09 18:06:47,984 [Worker-9] WARN  o.e.m.c.i.embedder.EclipseLogger - Using platform encoding (UTF-8 actually) to copy filtered resources, i.e. build is platform dependent!
2016-04-09 18:06:47,985 [Worker-9] INFO  o.e.m.c.i.embedder.EclipseLogger - skip non existing resourceDirectory /Users/kaichenzhang/Documents/CS6200/HW2_2/src/test/resources
2016-04-09 18:07:03,636 [Worker-7] INFO  o.e.m.c.i.l.LifecycleMappingFactory - Using org.eclipse.m2e.jdt.JarLifecycleMapping lifecycle mapping for MavenProject: HW2:HW2:0.0.1-SNAPSHOT @ /Users/kaichenzhang/Documents/CS6200/HW2_2/pom.xml.
2016-04-09 18:07:03,795 [Worker-7] WARN  o.e.m.c.i.embedder.EclipseLogger - Using platform encoding (UTF-8 actually) to copy filtered resources, i.e. build is platform dependent!
2016-04-09 18:07:03,796 [Worker-7] INFO  o.e.m.c.i.embedder.EclipseLogger - skip non existing resourceDirectory /Users/kaichenzhang/Documents/CS6200/HW2_2/src/main/resources
2016-04-09 18:07:03,799 [Worker-7] WARN  o.e.m.c.i.embedder.EclipseLogger - Using platform encoding (UTF-8 actually) to copy filtered resources, i.e. build is platform dependent!
2016-04-09 18:07:03,799 [Worker-7] INFO  o.e.m.c.i.embedder.EclipseLogger - skip non existing resourceDirectory /Users/kaichenzhang/Documents/CS6200/HW2_2/src/test/resources
2016-04-09 18:08:01,306 [Worker-9] INFO  o.e.m.c.i.l.LifecycleMappingFactory - Using org.eclipse.m2e.jdt.JarLifecycleMapping lifecycle mapping for MavenProject: HW2:HW2:0.0.1-SNAPSHOT @ /Users/kaichenzhang/Documents/CS6200/HW2_2/pom.xml.
2016-04-09 18:08:01,433 [Worker-9] WARN  o.e.m.c.i.embedder.EclipseLogger - Using platform encoding (UTF-8 actually) to copy filtered resources, i.e. build is platform dependent!
2016-04-09 18:08:01,434 [Worker-9] INFO  o.e.m.c.i.embedder.EclipseLogger - skip non existing resourceDirectory /Users/kaichenzhang/Documents/CS6200/HW2_2/src/main/resources
2016-04-09 18:08:01,437 [Worker-9] WARN  o.e.m.c.i.embedder.EclipseLogger - Using platform encoding (UTF-8 actually) to copy filtered resources, i.e. build is platform dependent!
2016-04-09 18:08:01,437 [Worker-9] INFO  o.e.m.c.i.embedder.EclipseLogger - skip non existing resourceDirectory /Users/kaichenzhang/Documents/CS6200/HW2_2/src/test/resources
2016-04-09 18:08:38,223 [Worker-8] WARN  o.e.m.c.i.embedder.EclipseLogger - Using platform encoding (UTF-8 actually) to copy filtered resources, i.e. build is platform dependent!
2016-04-09 18:08:38,224 [Worker-8] INFO  o.e.m.c.i.embedder.EclipseLogger - skip non existing resourceDirectory /Users/kaichenzhang/Documents/CS6200/HW2_2/src/main/resources
2016-04-09 18:08:38,226 [Worker-8] WARN  o.e.m.c.i.embedder.EclipseLogger - Using platform encoding (UTF-8 actually) to copy filtered resources, i.e. build is platform dependent!
2016-04-09 18:08:38,226 [Worker-8] INFO  o.e.m.c.i.embedder.EclipseLogger - skip non existing resourceDirectory /Users/kaichenzhang/Documents/CS6200/HW2_2/src/test/resources
2016-04-09 18:08:47,368 [Worker-7] INFO  o.e.m.c.i.l.LifecycleMappingFactory - Using org.eclipse.m2e.jdt.JarLifecycleMapping lifecycle mapping for MavenProject: HW2:HW2:0.0.1-SNAPSHOT @ /Users/kaichenzhang/Documents/CS6200/HW2_2/pom.xml.
2016-04-09 18:08:47,505 [Worker-7] WARN  o.e.m.c.i.embedder.EclipseLogger - Using platform encoding (UTF-8 actually) to copy filtered resources, i.e. build is platform dependent!
2016-04-09 18:08:47,506 [Worker-7] INFO  o.e.m.c.i.embedder.EclipseLogger - skip non existing resourceDirectory /Users/kaichenzhang/Documents/CS6200/HW2_2/src/main/resources
2016-04-09 18:08:47,507 [Worker-7] WARN  o.e.m.c.i.embedder.EclipseLogger - Using platform encoding (UTF-8 actually) to copy filtered resources, i.e. build is platform dependent!
2016-04-09 18:08:47,508 [Worker-7] INFO  o.e.m.c.i.embedder.EclipseLogger - skip non existing resourceDirectory /Users/kaichenzhang/Documents/CS6200/HW2_2/src/test/resources
2016-04-09 18:08:57,205 [Worker-7] INFO  o.e.m.c.i.l.LifecycleMappingFactory - Using org.eclipse.m2e.jdt.JarLifecycleMapping lifecycle mapping for MavenProject: HW2:HW2:0.0.1-SNAPSHOT @ /Users/kaichenzhang/Documents/CS6200/HW2_2/pom.xml.
2016-04-09 18:08:57,300 [Worker-7] WARN  o.e.m.c.i.embedder.EclipseLogger - Using platform encoding (UTF-8 actually) to copy filtered resources, i.e. build is platform dependent!
2016-04-09 18:08:57,300 [Worker-7] INFO  o.e.m.c.i.embedder.EclipseLogger - skip non existing resourceDirectory /Users/kaichenzhang/Documents/CS6200/HW2_2/src/main/resources
2016-04-09 18:08:57,303 [Worker-7] WARN  o.e.m.c.i.embedder.EclipseLogger - Using platform encoding (UTF-8 actually) to copy filtered resources, i.e. build is platform dependent!
2016-04-09 18:08:57,304 [Worker-7] INFO  o.e.m.c.i.embedder.EclipseLogger - skip non existing resourceDirectory /Users/kaichenzhang/Documents/CS6200/HW2_2/src/test/resources
2016-04-09 18:09:01,262 [Worker-1] INFO  o.e.m.c.i.l.LifecycleMappingFactory - Using org.eclipse.m2e.jdt.JarLifecycleMapping lifecycle mapping for MavenProject: HW2:HW2:0.0.1-SNAPSHOT @ /Users/kaichenzhang/Documents/CS6200/HW2_2/pom.xml.
2016-04-09 18:09:01,358 [Worker-1] WARN  o.e.m.c.i.embedder.EclipseLogger - Using platform encoding (UTF-8 actually) to copy filtered resources, i.e. build is platform dependent!
2016-04-09 18:09:01,359 [Worker-1] INFO  o.e.m.c.i.embedder.EclipseLogger - skip non existing resourceDirectory /Users/kaichenzhang/Documents/CS6200/HW2_2/src/main/resources
2016-04-09 18:09:01,360 [Worker-1] WARN  o.e.m.c.i.embedder.EclipseLogger - Using platform encoding (UTF-8 actually) to copy filtered resources, i.e. build is platform dependent!
2016-04-09 18:09:01,360 [Worker-1] INFO  o.e.m.c.i.embedder.EclipseLogger - skip non existing resourceDirectory /Users/kaichenzhang/Documents/CS6200/HW2_2/src/test/resources
2016-04-09 18:09:03,504 [Worker-7] INFO  o.e.m.c.i.l.LifecycleMappingFactory - Using org.eclipse.m2e.jdt.JarLifecycleMapping lifecycle mapping for MavenProject: HW2:HW2:0.0.1-SNAPSHOT @ /Users/kaichenzhang/Documents/CS6200/HW2_2/pom.xml.
2016-04-09 18:09:03,646 [Worker-7] WARN  o.e.m.c.i.embedder.EclipseLogger - Using platform encoding (UTF-8 actually) to copy filtered resources, i.e. build is platform dependent!
2016-04-09 18:09:03,647 [Worker-7] INFO  o.e.m.c.i.embedder.EclipseLogger - skip non existing resourceDirectory /Users/kaichenzhang/Documents/CS6200/HW2_2/src/main/resources
2016-04-09 18:09:03,652 [Worker-7] WARN  o.e.m.c.i.embedder.EclipseLogger - Using platform encoding (UTF-8 actually) to copy filtered resources, i.e. build is platform dependent!
2016-04-09 18:09:03,652 [Worker-7] INFO  o.e.m.c.i.embedder.EclipseLogger - skip non existing resourceDirectory /Users/kaichenzhang/Documents/CS6200/HW2_2/src/test/resources
2016-04-09 18:09:20,021 [Worker-2] WARN  o.e.m.c.i.embedder.EclipseLogger - Using platform encoding (UTF-8 actually) to copy filtered resources, i.e. build is platform dependent!
2016-04-09 18:09:20,022 [Worker-2] INFO  o.e.m.c.i.embedder.EclipseLogger - skip non existing resourceDirectory /Users/kaichenzhang/Documents/CS6200/HW3/src/main/resources
2016-04-09 18:09:20,023 [Worker-2] WARN  o.e.m.c.i.embedder.EclipseLogger - Using platform encoding (UTF-8 actually) to copy filtered resources, i.e. build is platform dependent!
2016-04-09 18:09:20,024 [Worker-2] INFO  o.e.m.c.i.embedder.EclipseLogger - skip non existing resourceDirectory /Users/kaichenzhang/Documents/CS6200/HW3/src/test/resources
2016-04-09 18:10:14,564 [Worker-10] WARN  o.e.m.c.i.embedder.EclipseLogger - Using platform encoding (UTF-8 actually) to copy filtered resources, i.e. build is platform dependent!
2016-04-09 18:10:14,564 [Worker-10] INFO  o.e.m.c.i.embedder.EclipseLogger - skip non existing resourceDirectory /Users/kaichenzhang/Documents/CS6200/HW4/src/main/resources
2016-04-09 18:10:14,566 [Worker-10] WARN  o.e.m.c.i.embedder.EclipseLogger - Using platform encoding (UTF-8 actually) to copy filtered resources, i.e. build is platform dependent!
2016-04-09 18:10:14,566 [Worker-10] INFO  o.e.m.c.i.embedder.EclipseLogger - skip non existing resourceDirectory /Users/kaichenzhang/Documents/CS6200/HW4/src/test/resources
2016-04-09 18:10:54,739 [Worker-9] INFO  o.e.m.c.i.l.LifecycleMappingFactory - Using org.eclipse.m2e.jdt.JarLifecycleMapping lifecycle mapping for MavenProject: HW2:HW2:0.0.1-SNAPSHOT @ /Users/kaichenzhang/Documents/CS6200/HW2_2/pom.xml.
2016-04-09 18:10:54,828 [Worker-9] WARN  o.e.m.c.i.embedder.EclipseLogger - Using platform encoding (UTF-8 actually) to copy filtered resources, i.e. build is platform dependent!
2016-04-09 18:10:54,829 [Worker-9] INFO  o.e.m.c.i.embedder.EclipseLogger - skip non existing resourceDirectory /Users/kaichenzhang/Documents/CS6200/HW2_2/src/main/resources
2016-04-09 18:10:54,831 [Worker-9] WARN  o.e.m.c.i.embedder.EclipseLogger - Using platform encoding (UTF-8 actually) to copy filtered resources, i.e. build is platform dependent!
2016-04-09 18:10:54,832 [Worker-9] INFO  o.e.m.c.i.embedder.EclipseLogger - skip non existing resourceDirectory /Users/kaichenzhang/Documents/CS6200/HW2_2/src/test/resources
2016-04-09 18:11:20,569 [Worker-2] INFO  o.e.m.c.i.l.LifecycleMappingFactory - Using org.eclipse.m2e.jdt.JarLifecycleMapping lifecycle mapping for MavenProject: HW2:HW2:0.0.1-SNAPSHOT @ /Users/kaichenzhang/Documents/CS6200/HW2_2/pom.xml.
2016-04-09 18:11:20,652 [Worker-2] WARN  o.e.m.c.i.embedder.EclipseLogger - Using platform encoding (UTF-8 actually) to copy filtered resources, i.e. build is platform dependent!
2016-04-09 18:11:20,652 [Worker-2] INFO  o.e.m.c.i.embedder.EclipseLogger - skip non existing resourceDirectory /Users/kaichenzhang/Documents/CS6200/HW2_2/src/main/resources
2016-04-09 18:11:20,653 [Worker-2] WARN  o.e.m.c.i.embedder.EclipseLogger - Using platform encoding (UTF-8 actually) to copy filtered resources, i.e. build is platform dependent!
2016-04-09 18:11:20,654 [Worker-2] INFO  o.e.m.c.i.embedder.EclipseLogger - skip non existing resourceDirectory /Users/kaichenzhang/Documents/CS6200/HW2_2/src/test/resources
2016-04-09 18:13:23,232 [Worker-10] INFO  o.e.m.c.i.l.LifecycleMappingFactory - Using org.eclipse.m2e.jdt.JarLifecycleMapping lifecycle mapping for MavenProject: HW5:HW5:0.0.1-SNAPSHOT @ /Users/kaichenzhang/Documents/CS6200/HW5/pom.xml.
2016-04-09 18:13:23,307 [Worker-10] INFO  o.e.m.c.i.l.LifecycleMappingFactory - Using org.eclipse.m2e.jdt.JarLifecycleMapping lifecycle mapping for MavenProject: HW7:HW7:0.0.1-SNAPSHOT @ /Users/kaichenzhang/Documents/CS6200/HW7/pom.xml.
2016-04-09 18:13:23,341 [Worker-10] INFO  o.e.m.c.i.l.LifecycleMappingFactory - Using org.eclipse.m2e.jdt.JarLifecycleMapping lifecycle mapping for MavenProject: HW6:HW6:0.0.1-SNAPSHOT @ /Users/kaichenzhang/Documents/CS6200/HW6/pom.xml.
2016-04-09 18:13:23,805 [Worker-2] WARN  o.e.m.c.i.embedder.EclipseLogger - Using platform encoding (UTF-8 actually) to copy filtered resources, i.e. build is platform dependent!
2016-04-09 18:13:23,805 [Worker-2] INFO  o.e.m.c.i.embedder.EclipseLogger - skip non existing resourceDirectory /Users/kaichenzhang/Documents/CS6200/HW5/src/main/resources
2016-04-09 18:13:23,806 [Worker-2] WARN  o.e.m.c.i.embedder.EclipseLogger - Using platform encoding (UTF-8 actually) to copy filtered resources, i.e. build is platform dependent!
2016-04-09 18:13:23,807 [Worker-2] INFO  o.e.m.c.i.embedder.EclipseLogger - skip non existing resourceDirectory /Users/kaichenzhang/Documents/CS6200/HW5/src/test/resources
2016-04-09 18:13:23,901 [Worker-2] WARN  o.e.m.c.i.embedder.EclipseLogger - Using platform encoding (UTF-8 actually) to copy filtered resources, i.e. build is platform dependent!
2016-04-09 18:13:23,901 [Worker-2] INFO  o.e.m.c.i.embedder.EclipseLogger - skip non existing resourceDirectory /Users/kaichenzhang/Documents/CS6200/HW6/src/main/resources
2016-04-09 18:13:23,903 [Worker-2] WARN  o.e.m.c.i.embedder.EclipseLogger - Using platform encoding (UTF-8 actually) to copy filtered resources, i.e. build is platform dependent!
2016-04-09 18:13:23,903 [Worker-2] INFO  o.e.m.c.i.embedder.EclipseLogger - skip non existing resourceDirectory /Users/kaichenzhang/Documents/CS6200/HW6/src/test/resources
2016-04-09 18:13:24,147 [Worker-2] WARN  o.e.m.c.i.embedder.EclipseLogger - Using platform encoding (UTF-8 actually) to copy filtered resources, i.e. build is platform dependent!
2016-04-09 18:13:24,147 [Worker-2] INFO  o.e.m.c.i.embedder.EclipseLogger - skip non existing resourceDirectory /Users/kaichenzhang/Documents/CS6200/HW7/src/main/resources
2016-04-09 18:13:24,148 [Worker-2] WARN  o.e.m.c.i.embedder.EclipseLogger - Using platform encoding (UTF-8 actually) to copy filtered resources, i.e. build is platform dependent!
2016-04-09 18:13:24,149 [Worker-2] INFO  o.e.m.c.i.embedder.EclipseLogger - skip non existing resourceDirectory /Users/kaichenzhang/Documents/CS6200/HW7/src/test/resources
2016-04-09 18:15:15,232 [Worker-2] WARN  o.e.m.c.i.embedder.EclipseLogger - Using platform encoding (UTF-8 actually) to copy filtered resources, i.e. build is platform dependent!
2016-04-09 18:15:15,233 [Worker-2] INFO  o.e.m.c.i.embedder.EclipseLogger - skip non existing resourceDirectory /Users/kaichenzhang/Documents/CS6200/HW2_2/src/main/resources
2016-04-09 18:15:15,234 [Worker-2] WARN  o.e.m.c.i.embedder.EclipseLogger - Using platform encoding (UTF-8 actually) to copy filtered resources, i.e. build is platform dependent!
2016-04-09 18:15:15,234 [Worker-2] INFO  o.e.m.c.i.embedder.EclipseLogger - skip non existing resourceDirectory /Users/kaichenzhang/Documents/CS6200/HW2_2/src/test/resources
2016-04-09 18:15:45,254 [Worker-9] WARN  o.e.m.c.i.embedder.EclipseLogger - Using platform encoding (UTF-8 actually) to copy filtered resources, i.e. build is platform dependent!
2016-04-09 18:15:45,254 [Worker-9] INFO  o.e.m.c.i.embedder.EclipseLogger - skip non existing resourceDirectory /Users/kaichenzhang/Documents/CS6200/HW2/src/main/resources
2016-04-09 18:15:45,256 [Worker-9] WARN  o.e.m.c.i.embedder.EclipseLogger - Using platform encoding (UTF-8 actually) to copy filtered resources, i.e. build is platform dependent!
2016-04-09 18:15:45,258 [Worker-9] INFO  o.e.m.c.i.embedder.EclipseLogger - skip non existing resourceDirectory /Users/kaichenzhang/Documents/CS6200/HW2/src/test/resources
2016-04-09 18:16:21,019 [Worker-10] WARN  o.e.m.c.i.embedder.EclipseLogger - Using platform encoding (UTF-8 actually) to copy filtered resources, i.e. build is platform dependent!
2016-04-09 18:16:21,021 [Worker-10] INFO  o.e.m.c.i.embedder.EclipseLogger - skip non existing resourceDirectory /Users/kaichenzhang/Documents/CS6200/HW5/src/main/resources
2016-04-09 18:16:21,022 [Worker-10] WARN  o.e.m.c.i.embedder.EclipseLogger - Using platform encoding (UTF-8 actually) to copy filtered resources, i.e. build is platform dependent!
2016-04-09 18:16:21,023 [Worker-10] INFO  o.e.m.c.i.embedder.EclipseLogger - skip non existing resourceDirectory /Users/kaichenzhang/Documents/CS6200/HW5/src/test/resources
2016-04-09 18:17:34,586 [Worker-9] WARN  o.e.m.c.i.embedder.EclipseLogger - Using platform encoding (UTF-8 actually) to copy filtered resources, i.e. build is platform dependent!
2016-04-09 18:17:34,587 [Worker-9] INFO  o.e.m.c.i.embedder.EclipseLogger - skip non existing resourceDirectory /Users/kaichenzhang/Documents/CS6200/HW7/src/main/resources
2016-04-09 18:17:34,588 [Worker-9] WARN  o.e.m.c.i.embedder.EclipseLogger - Using platform encoding (UTF-8 actually) to copy filtered resources, i.e. build is platform dependent!
2016-04-09 18:17:34,589 [Worker-9] INFO  o.e.m.c.i.embedder.EclipseLogger - skip non existing resourceDirectory /Users/kaichenzhang/Documents/CS6200/HW7/src/test/resources
